<?xml version="1.0" encoding="UTF-8"?>
<testsuite xmlns:xsi="http://www.w3.org/2001/XMLSchema-instance" xsi:noNamespaceSchemaLocation="https://maven.apache.org/surefire/maven-surefire-plugin/xsd/surefire-test-report.xsd" name="SlideDirectorTest" time="0.009" tests="3" errors="0" skipped="0" failures="0">
  <properties>
    <property name="java.specification.version" value="21"/>
    <property name="sun.cpu.isalist" value="amd64"/>
    <property name="sun.jnu.encoding" value="Cp1252"/>
    <property name="java.class.path" value="C:\Users\alici\OneDrive\Escritorio\Period3\SoftwareQuality\Sofware-Quality\target\test-classes;C:\Users\alici\OneDrive\Escritorio\Period3\SoftwareQuality\Sofware-Quality\target\classes;C:\Users\alici\.m2\repository\junit\junit\4.11\junit-4.11.jar;C:\Users\alici\.m2\repository\org\hamcrest\hamcrest-core\1.3\hamcrest-core-1.3.jar;C:\Users\alici\.m2\repository\org\junit\jupiter\junit-jupiter\5.8.1\junit-jupiter-5.8.1.jar;C:\Users\alici\.m2\repository\org\junit\jupiter\junit-jupiter-api\5.8.1\junit-jupiter-api-5.8.1.jar;C:\Users\alici\.m2\repository\org\opentest4j\opentest4j\1.2.0\opentest4j-1.2.0.jar;C:\Users\alici\.m2\repository\org\junit\platform\junit-platform-commons\1.8.1\junit-platform-commons-1.8.1.jar;C:\Users\alici\.m2\repository\org\apiguardian\apiguardian-api\1.1.2\apiguardian-api-1.1.2.jar;C:\Users\alici\.m2\repository\org\junit\jupiter\junit-jupiter-params\5.8.1\junit-jupiter-params-5.8.1.jar;C:\Users\alici\.m2\repository\org\junit\jupiter\junit-jupiter-engine\5.8.1\junit-jupiter-engine-5.8.1.jar;C:\Users\alici\.m2\repository\org\junit\platform\junit-platform-engine\1.8.1\junit-platform-engine-1.8.1.jar;C:\Users\alici\.m2\repository\org\mockito\mockito-core\4.4.0\mockito-core-4.4.0.jar;C:\Users\alici\.m2\repository\net\bytebuddy\byte-buddy\1.12.8\byte-buddy-1.12.8.jar;C:\Users\alici\.m2\repository\net\bytebuddy\byte-buddy-agent\1.12.8\byte-buddy-agent-1.12.8.jar;C:\Users\alici\.m2\repository\org\objenesis\objenesis\3.2\objenesis-3.2.jar;C:\Users\alici\.m2\repository\org\powermock\powermock-module-junit4\2.0.9\powermock-module-junit4-2.0.9.jar;C:\Users\alici\.m2\repository\org\powermock\powermock-module-junit4-common\2.0.9\powermock-module-junit4-common-2.0.9.jar;C:\Users\alici\.m2\repository\org\powermock\powermock-reflect\2.0.9\powermock-reflect-2.0.9.jar;C:\Users\alici\.m2\repository\org\powermock\powermock-core\2.0.9\powermock-core-2.0.9.jar;C:\Users\alici\.m2\repository\org\javassist\javassist\3.27.0-GA\javassist-3.27.0-GA.jar;C:\Users\alici\.m2\repository\org\powermock\powermock-api-mockito2\2.0.9\powermock-api-mockito2-2.0.9.jar;C:\Users\alici\.m2\repository\org\powermock\powermock-api-support\2.0.9\powermock-api-support-2.0.9.jar;"/>
    <property name="java.vm.vendor" value="Eclipse Adoptium"/>
    <property name="sun.arch.data.model" value="64"/>
    <property name="user.variant" value=""/>
    <property name="java.vendor.url" value="https://adoptium.net/"/>
    <property name="user.timezone" value="Europe/Madrid"/>
    <property name="os.name" value="Windows 11"/>
    <property name="java.vm.specification.version" value="21"/>
    <property name="sun.java.launcher" value="SUN_STANDARD"/>
    <property name="user.country" value="GB"/>
    <property name="sun.boot.library.path" value="C:\Program Files\Eclipse Adoptium\jdk-21.0.2.13-hotspot\bin"/>
    <property name="sun.java.command" value="C:\Users\alici\AppData\Local\Temp\surefire6353381307730896566\surefirebooter10704348488850343271.jar C:\Users\alici\AppData\Local\Temp\surefire6353381307730896566 2024-04-07T10-29-51_926-jvmRun1 surefire8215209776452767249tmp surefire_08706013997749156916tmp"/>
    <property name="jdk.debug" value="release"/>
    <property name="surefire.test.class.path" value="C:\Users\alici\OneDrive\Escritorio\Period3\SoftwareQuality\Sofware-Quality\target\test-classes;C:\Users\alici\OneDrive\Escritorio\Period3\SoftwareQuality\Sofware-Quality\target\classes;C:\Users\alici\.m2\repository\junit\junit\4.11\junit-4.11.jar;C:\Users\alici\.m2\repository\org\hamcrest\hamcrest-core\1.3\hamcrest-core-1.3.jar;C:\Users\alici\.m2\repository\org\junit\jupiter\junit-jupiter\5.8.1\junit-jupiter-5.8.1.jar;C:\Users\alici\.m2\repository\org\junit\jupiter\junit-jupiter-api\5.8.1\junit-jupiter-api-5.8.1.jar;C:\Users\alici\.m2\repository\org\opentest4j\opentest4j\1.2.0\opentest4j-1.2.0.jar;C:\Users\alici\.m2\repository\org\junit\platform\junit-platform-commons\1.8.1\junit-platform-commons-1.8.1.jar;C:\Users\alici\.m2\repository\org\apiguardian\apiguardian-api\1.1.2\apiguardian-api-1.1.2.jar;C:\Users\alici\.m2\repository\org\junit\jupiter\junit-jupiter-params\5.8.1\junit-jupiter-params-5.8.1.jar;C:\Users\alici\.m2\repository\org\junit\jupiter\junit-jupiter-engine\5.8.1\junit-jupiter-engine-5.8.1.jar;C:\Users\alici\.m2\repository\org\junit\platform\junit-platform-engine\1.8.1\junit-platform-engine-1.8.1.jar;C:\Users\alici\.m2\repository\org\mockito\mockito-core\4.4.0\mockito-core-4.4.0.jar;C:\Users\alici\.m2\repository\net\bytebuddy\byte-buddy\1.12.8\byte-buddy-1.12.8.jar;C:\Users\alici\.m2\repository\net\bytebuddy\byte-buddy-agent\1.12.8\byte-buddy-agent-1.12.8.jar;C:\Users\alici\.m2\repository\org\objenesis\objenesis\3.2\objenesis-3.2.jar;C:\Users\alici\.m2\repository\org\powermock\powermock-module-junit4\2.0.9\powermock-module-junit4-2.0.9.jar;C:\Users\alici\.m2\repository\org\powermock\powermock-module-junit4-common\2.0.9\powermock-module-junit4-common-2.0.9.jar;C:\Users\alici\.m2\repository\org\powermock\powermock-reflect\2.0.9\powermock-reflect-2.0.9.jar;C:\Users\alici\.m2\repository\org\powermock\powermock-core\2.0.9\powermock-core-2.0.9.jar;C:\Users\alici\.m2\repository\org\javassist\javassist\3.27.0-GA\javassist-3.27.0-GA.jar;C:\Users\alici\.m2\repository\org\powermock\powermock-api-mockito2\2.0.9\powermock-api-mockito2-2.0.9.jar;C:\Users\alici\.m2\repository\org\powermock\powermock-api-support\2.0.9\powermock-api-support-2.0.9.jar;"/>
    <property name="sun.cpu.endian" value="little"/>
    <property name="user.home" value="C:\Users\alici"/>
    <property name="user.language" value="en"/>
    <property name="java.specification.vendor" value="Oracle Corporation"/>
    <property name="java.version.date" value="2024-01-16"/>
    <property name="java.home" value="C:\Program Files\Eclipse Adoptium\jdk-21.0.2.13-hotspot"/>
    <property name="file.separator" value="\"/>
    <property name="basedir" value="C:\Users\alici\OneDrive\Escritorio\Period3\SoftwareQuality\Sofware-Quality"/>
    <property name="java.vm.compressedOopsMode" value="32-bit"/>
    <property name="line.separator" value="&#10;"/>
    <property name="java.vm.specification.vendor" value="Oracle Corporation"/>
    <property name="java.specification.name" value="Java Platform API Specification"/>
    <property name="surefire.real.class.path" value="C:\Users\alici\AppData\Local\Temp\surefire6353381307730896566\surefirebooter10704348488850343271.jar"/>
    <property name="user.script" value=""/>
    <property name="sun.management.compiler" value="HotSpot 64-Bit Tiered Compilers"/>
    <property name="java.runtime.version" value="21.0.2+13-LTS"/>
    <property name="user.name" value="alici"/>
    <property name="stdout.encoding" value="Cp1252"/>
    <property name="path.separator" value=";"/>
    <property name="os.version" value="10.0"/>
    <property name="java.runtime.name" value="OpenJDK Runtime Environment"/>
    <property name="file.encoding" value="UTF-8"/>
    <property name="java.vm.name" value="OpenJDK 64-Bit Server VM"/>
    <property name="java.vendor.version" value="Temurin-21.0.2+13"/>
    <property name="localRepository" value="C:\Users\alici\.m2\repository"/>
    <property name="java.vendor.url.bug" value="https://github.com/adoptium/adoptium-support/issues"/>
    <property name="java.io.tmpdir" value="C:\Users\alici\AppData\Local\Temp\"/>
    <property name="java.version" value="21.0.2"/>
    <property name="user.dir" value="C:\Users\alici\OneDrive\Escritorio\Period3\SoftwareQuality\Sofware-Quality"/>
    <property name="os.arch" value="amd64"/>
    <property name="java.vm.specification.name" value="Java Virtual Machine Specification"/>
    <property name="sun.os.patch.level" value=""/>
    <property name="native.encoding" value="Cp1252"/>
    <property name="java.library.path" value="C:\Program Files\Eclipse Adoptium\jdk-21.0.2.13-hotspot\bin;C:\WINDOWS\Sun\Java\bin;C:\WINDOWS\system32;C:\WINDOWS;C:\Program Files\Eclipse Adoptium\jdk-21.0.2.13-hotspot\bin;C:\Program Files\Microsoft\jdk-11.0.20.8-hotspot\bin;C:\Program Files\Common Files\Oracle\Java\javapath;C:\WINDOWS\system32;C:\WINDOWS;C:\WINDOWS\System32\Wbem;C:\WINDOWS\System32\WindowsPowerShell\v1.0\;C:\WINDOWS\System32\OpenSSH\;C:\Program Files\Docker\Docker\resources\bin;C:\ProgramData\DockerDesktop\version-bin;C:\Users\alici\Downloads\Git\cmd;C:\ProgramData\chocolatey\bin;C:\Program Files\nodejs\;C:\Program Files\apache-maven-3.9.6\bin;C:\Program Files\Eclipse Adoptium\jdk-21.0.2.13-hotspot\\.bin;C:\Program Files\GNU Octave\Octave-8.2.0\mingw64\bin;C:\Users\alici\AppData\Local\Programs\Python\Python311\Scripts\;C:\Users\alici\AppData\Local\Programs\Python\Python311\;C:\Users\alici\AppData\Local\Microsoft\WindowsApps;C:\Users\alici\AppData\Roaming\npm;C:\Users\alici\AppData\Local\Programs\Microsoft VS Code\bin;;."/>
    <property name="java.vm.info" value="mixed mode, sharing"/>
    <property name="stderr.encoding" value="Cp1252"/>
    <property name="java.vendor" value="Eclipse Adoptium"/>
    <property name="java.vm.version" value="21.0.2+13-LTS"/>
    <property name="sun.io.unicode.encoding" value="UnicodeLittle"/>
    <property name="java.class.version" value="65.0"/>
  </properties>
  <testcase name="testSlideDirector" classname="SlideDirectorTest" time="0"/>
  <testcase name="testSlideDirectorWithNullList" classname="SlideDirectorTest" time="0"/>
  <testcase name="testSlideDirectorWithEmptyList" classname="SlideDirectorTest" time="0"/>
</testsuite>